  drawable.cpp
  glslprogram.cpp
D:\浏览器下载\assign3_todo_(win-vs2017)\helper\gldecl.h(7,10): fatal error C1083: Cannot open include file: 'GL/glew.h': No such file or directory
  glutils.cpp
D:\浏览器下载\assign3_todo_(win-vs2017)\helper\gldecl.h(7,10): fatal error C1083: Cannot open include file: 'GL/glew.h': No such file or directory
  trackball.cc
  vbocube.cpp
D:\浏览器下载\assign3_todo_(win-vs2017)\helper\gldecl.h(7,10): fatal error C1083: Cannot open include file: 'GL/glew.h': No such file or directory
  vbomesh.cpp
D:\浏览器下载\assign3_todo_(win-vs2017)\helper\vbomesh.h(8,10): fatal error C1083: Cannot open include file: 'glm/glm.hpp': No such file or directory
  vbomeshadj.cpp
D:\浏览器下载\assign3_todo_(win-vs2017)\helper\vbomeshadj.h(8,10): fatal error C1083: Cannot open include file: 'glm/glm.hpp': No such file or directory
  vboplane.cpp
D:\浏览器下载\assign3_todo_(win-vs2017)\helper\gldecl.h(7,10): fatal error C1083: Cannot open include file: 'GL/glew.h': No such file or directory
  vbosphere.cpp
D:\浏览器下载\assign3_todo_(win-vs2017)\helper\gldecl.h(7,10): fatal error C1083: Cannot open include file: 'GL/glew.h': No such file or directory
  vbosphere2.cpp
D:\浏览器下载\assign3_todo_(win-vs2017)\helper\gldecl.h(7,10): fatal error C1083: Cannot open include file: 'GL/glew.h': No such file or directory
  vboteapot.cpp
D:\浏览器下载\assign3_todo_(win-vs2017)\helper\vboteapot.h(5,10): fatal error C1083: Cannot open include file: 'glm/glm.hpp': No such file or directory
  vboteapotpatch.cpp
D:\浏览器下载\assign3_todo_(win-vs2017)\helper\vboteapotpatch.h(5,10): fatal error C1083: Cannot open include file: 'glm/glm.hpp': No such file or directory
  vbotorus.cpp
D:\浏览器下载\assign3_todo_(win-vs2017)\helper\gldecl.h(7,10): fatal error C1083: Cannot open include file: 'GL/glew.h': No such file or directory
  main.cpp
D:\浏览器下载\assign3_todo_(win-vs2017)\main.cpp(19,10): fatal error C1083: Cannot open include file: 'GL/glew.h': No such file or directory
  Generating Code...
